<?xml version="1.0" encoding="UTF-8"?>
<!-- Generated by org.testng.reporters.JUnitXMLReporter -->
<testsuite hostname="DESKTOP-D7VQ7VG" ignored="0" name="Command line test" tests="4" failures="0" timestamp="18 Oct 2021 17:43:40 GMT" time="0.049" errors="0">
  <testcase name="createCustomerTest" time="0.007" classname="testscrpt1.DemoTest"/>
  <testcase name="modifyCustomerTest" time="0.0" classname="testscrpt1.DemoTest"/>
  <testcase name="testsample1" time="0.0" classname="testscrpt2.sample2Test"/>
  <testcase name="testsample2" time="0.0" classname="testscrpt2.sample2Test"/>
</testsuite> <!-- Command line test -->
