<?xml version="1.0" encoding="UTF-8"?>
<!-- Generated by org.testng.reporters.JUnitXMLReporter -->
<testsuite hostname="DESKTOP-D7VQ7VG" ignored="4" name="Test block2" tests="3" failures="0" timestamp="2021-10-08T12:25:15 IST" time="240.687" errors="0">
  <testcase name="createFilterTest" time="122.793" classname="vtigerTests.CreateFilter"/>
  <testcase name="AdvanceSearch_Equals" time="18.5" classname="vtigerTests.TC_34Advanceserach_Equals"/>
  <testcase name="AdvanceSearchRelatedtodoTest" time="13.801" classname="vtigerTests.TC_33AdvanceSerachRelatedtdo"/>
  <testcase name="@AfterSuite closedDb" time="0.0" classname="com.crm.vtiger.GenericUtils.BaseClass">
    <ignored/>
  </testcase> <!-- @AfterSuite closedDb -->
  <testcase name="@AfterSuite closedDb" time="0.0" classname="com.crm.vtiger.GenericUtils.BaseClass">
    <ignored/>
  </testcase> <!-- @AfterSuite closedDb -->
  <testcase name="@BeforeSuite connectDB" time="0.0" classname="com.crm.vtiger.GenericUtils.BaseClass">
    <ignored/>
  </testcase> <!-- @BeforeSuite connectDB -->
  <testcase name="@BeforeSuite connectDB" time="0.0" classname="com.crm.vtiger.GenericUtils.BaseClass">
    <ignored/>
  </testcase> <!-- @BeforeSuite connectDB -->
</testsuite> <!-- Test block2 -->
