<?xml version="1.0" encoding="UTF-8"?>
<!-- Generated by org.testng.reporters.JUnitXMLReporter -->
<testsuite hostname="DESKTOP-D7VQ7VG" ignored="2" name="Test block1" tests="2" failures="0" timestamp="2021-10-08T12:24:49 IST" time="214.125" errors="0">
  <testcase name="AdvanceSearchSignout" time="90.397" classname="vtigerTests.AdvanceSearch_signout"/>
  <testcase name="Advancesearchnotequals" time="31.562" classname="vtigerTests.TC_35Advancesearchnotequals"/>
  <testcase name="@AfterSuite closedDb" time="0.0" classname="com.crm.vtiger.GenericUtils.BaseClass">
    <ignored/>
  </testcase> <!-- @AfterSuite closedDb -->
  <testcase name="@BeforeSuite connectDB" time="0.0" classname="com.crm.vtiger.GenericUtils.BaseClass">
    <ignored/>
  </testcase> <!-- @BeforeSuite connectDB -->
</testsuite> <!-- Test block1 -->
