<?xml version="1.0" encoding="UTF-8"?>
<!-- Generated by org.testng.reporters.JUnitXMLReporter -->
<testsuite hostname="DESKTOP-D7VQ7VG" ignored="4" name="Test Runner -Firefox" tests="3" failures="0" timestamp="2021-10-10T16:06:48 IST" time="0.688" errors="0">
  <testcase name="@BeforeClass launchBrowser" time="0.318" classname="com.crm.vtiger.GenericUtils.BaseClass">
    <failure type="java.lang.IllegalStateException" message="The path to the driver executable must be set by the webdriver.gecko.driver system property; for more information, see https://github.com/mozilla/geckodriver. The latest version can be downloaded from https://github.com/mozilla/geckodriver/releases">
      <![CDATA[java.lang.IllegalStateException: The path to the driver executable must be set by the webdriver.gecko.driver system property; for more information, see https://github.com/mozilla/geckodriver. The latest version can be downloaded from https://github.com/mozilla/geckodriver/releases
at com.google.common.base.Preconditions.checkState(Preconditions.java:847)
at org.openqa.selenium.remote.service.DriverService.findExecutable(DriverService.java:134)
at org.openqa.selenium.firefox.GeckoDriverService.access$100(GeckoDriverService.java:44)
at org.openqa.selenium.firefox.GeckoDriverService$Builder.findDefaultExecutable(GeckoDriverService.java:167)
at org.openqa.selenium.remote.service.DriverService$Builder.build(DriverService.java:355)
at org.openqa.selenium.firefox.FirefoxDriver.toExecutor(FirefoxDriver.java:190)
at org.openqa.selenium.firefox.FirefoxDriver.<init>(FirefoxDriver.java:147)
at org.openqa.selenium.firefox.FirefoxDriver.<init>(FirefoxDriver.java:125)
at com.crm.vtiger.GenericUtils.BaseClass.launchBrowser(BaseClass.java:52)
at java.util.ArrayList.forEach(Unknown Source)
at java.util.concurrent.FutureTask.run(Unknown Source)
at java.util.concurrent.ThreadPoolExecutor.runWorker(Unknown Source)
at java.util.concurrent.ThreadPoolExecutor$Worker.run(Unknown Source)
at java.lang.Thread.run(Unknown Source)
... Removed 16 stack frames]]>
    </failure>
  </testcase> <!-- @BeforeClass launchBrowser -->
  <testcase name="@BeforeMethod loginToApp" time="-1.633862208323E9" classname="com.crm.vtiger.GenericUtils.BaseClass">
    <skipped/>
  </testcase> <!-- @BeforeMethod loginToApp -->
  <testcase name="@AfterMethod logoutOfApp" time="-1.633862208343E9" classname="com.crm.vtiger.GenericUtils.BaseClass">
    <skipped/>
  </testcase> <!-- @AfterMethod logoutOfApp -->
  <testcase name="@AfterClass closeBrowser" time="-1.633862208352E9" classname="com.crm.vtiger.GenericUtils.BaseClass">
    <skipped/>
  </testcase> <!-- @AfterClass closeBrowser -->
  <testcase name="@BeforeClass launchBrowser" time="0.053" classname="com.crm.vtiger.GenericUtils.BaseClass">
    <failure type="java.lang.IllegalStateException" message="The path to the driver executable must be set by the webdriver.gecko.driver system property; for more information, see https://github.com/mozilla/geckodriver. The latest version can be downloaded from https://github.com/mozilla/geckodriver/releases">
      <![CDATA[java.lang.IllegalStateException: The path to the driver executable must be set by the webdriver.gecko.driver system property; for more information, see https://github.com/mozilla/geckodriver. The latest version can be downloaded from https://github.com/mozilla/geckodriver/releases
at com.google.common.base.Preconditions.checkState(Preconditions.java:847)
at org.openqa.selenium.remote.service.DriverService.findExecutable(DriverService.java:134)
at org.openqa.selenium.firefox.GeckoDriverService.access$100(GeckoDriverService.java:44)
at org.openqa.selenium.firefox.GeckoDriverService$Builder.findDefaultExecutable(GeckoDriverService.java:167)
at org.openqa.selenium.remote.service.DriverService$Builder.build(DriverService.java:355)
at org.openqa.selenium.firefox.FirefoxDriver.toExecutor(FirefoxDriver.java:190)
at org.openqa.selenium.firefox.FirefoxDriver.<init>(FirefoxDriver.java:147)
at org.openqa.selenium.firefox.FirefoxDriver.<init>(FirefoxDriver.java:125)
at com.crm.vtiger.GenericUtils.BaseClass.launchBrowser(BaseClass.java:52)
at java.util.ArrayList.forEach(Unknown Source)
at java.util.concurrent.FutureTask.run(Unknown Source)
at java.util.concurrent.ThreadPoolExecutor.runWorker(Unknown Source)
at java.util.concurrent.ThreadPoolExecutor$Worker.run(Unknown Source)
at java.lang.Thread.run(Unknown Source)
... Removed 16 stack frames]]>
    </failure>
  </testcase> <!-- @BeforeClass launchBrowser -->
  <testcase name="@BeforeMethod loginToApp" time="-1.633862208454E9" classname="com.crm.vtiger.GenericUtils.BaseClass">
    <skipped/>
  </testcase> <!-- @BeforeMethod loginToApp -->
  <testcase name="@AfterMethod logoutOfApp" time="-1.633862208482E9" classname="com.crm.vtiger.GenericUtils.BaseClass">
    <skipped/>
  </testcase> <!-- @AfterMethod logoutOfApp -->
  <testcase name="@AfterClass closeBrowser" time="-1.633862208491E9" classname="com.crm.vtiger.GenericUtils.BaseClass">
    <skipped/>
  </testcase> <!-- @AfterClass closeBrowser -->
  <testcase name="@BeforeClass launchBrowser" time="0.092" classname="com.crm.vtiger.GenericUtils.BaseClass">
    <failure type="java.lang.IllegalStateException" message="The path to the driver executable must be set by the webdriver.gecko.driver system property; for more information, see https://github.com/mozilla/geckodriver. The latest version can be downloaded from https://github.com/mozilla/geckodriver/releases">
      <![CDATA[java.lang.IllegalStateException: The path to the driver executable must be set by the webdriver.gecko.driver system property; for more information, see https://github.com/mozilla/geckodriver. The latest version can be downloaded from https://github.com/mozilla/geckodriver/releases
at com.google.common.base.Preconditions.checkState(Preconditions.java:847)
at org.openqa.selenium.remote.service.DriverService.findExecutable(DriverService.java:134)
at org.openqa.selenium.firefox.GeckoDriverService.access$100(GeckoDriverService.java:44)
at org.openqa.selenium.firefox.GeckoDriverService$Builder.findDefaultExecutable(GeckoDriverService.java:167)
at org.openqa.selenium.remote.service.DriverService$Builder.build(DriverService.java:355)
at org.openqa.selenium.firefox.FirefoxDriver.toExecutor(FirefoxDriver.java:190)
at org.openqa.selenium.firefox.FirefoxDriver.<init>(FirefoxDriver.java:147)
at org.openqa.selenium.firefox.FirefoxDriver.<init>(FirefoxDriver.java:125)
at com.crm.vtiger.GenericUtils.BaseClass.launchBrowser(BaseClass.java:52)
at java.util.ArrayList.forEach(Unknown Source)
at java.util.concurrent.FutureTask.run(Unknown Source)
at java.util.concurrent.ThreadPoolExecutor.runWorker(Unknown Source)
at java.util.concurrent.ThreadPoolExecutor$Worker.run(Unknown Source)
at java.lang.Thread.run(Unknown Source)
... Removed 16 stack frames]]>
    </failure>
  </testcase> <!-- @BeforeClass launchBrowser -->
  <testcase name="@BeforeMethod loginToApp" time="-1.633862208603E9" classname="com.crm.vtiger.GenericUtils.BaseClass">
    <skipped/>
  </testcase> <!-- @BeforeMethod loginToApp -->
  <testcase name="@AfterMethod logoutOfApp" time="-1.633862208608E9" classname="com.crm.vtiger.GenericUtils.BaseClass">
    <skipped/>
  </testcase> <!-- @AfterMethod logoutOfApp -->
  <testcase name="@AfterClass closeBrowser" time="-1.633862208613E9" classname="com.crm.vtiger.GenericUtils.BaseClass">
    <skipped/>
  </testcase> <!-- @AfterClass closeBrowser -->
  <testcase name="createFilterTest" time="0.0" classname="vtigerTests.CreateFilter">
    <skipped/>
  </testcase> <!-- createFilterTest -->
  <testcase name="AdvanceSearch_Equals" time="0.0" classname="vtigerTests.TC_34Advanceserach_Equals">
    <skipped/>
  </testcase> <!-- AdvanceSearch_Equals -->
  <testcase name="AdvanceSearchRelatedtodoTest" time="0.0" classname="vtigerTests.TC_33AdvanceSerachRelatedtdo">
    <skipped/>
  </testcase> <!-- AdvanceSearchRelatedtodoTest -->
  <testcase name="@AfterSuite closedDb" time="0.0" classname="com.crm.vtiger.GenericUtils.BaseClass">
    <ignored/>
  </testcase> <!-- @AfterSuite closedDb -->
  <testcase name="@AfterSuite closedDb" time="0.0" classname="com.crm.vtiger.GenericUtils.BaseClass">
    <ignored/>
  </testcase> <!-- @AfterSuite closedDb -->
  <testcase name="@BeforeSuite connectDB" time="0.0" classname="com.crm.vtiger.GenericUtils.BaseClass">
    <ignored/>
  </testcase> <!-- @BeforeSuite connectDB -->
  <testcase name="@BeforeSuite connectDB" time="0.0" classname="com.crm.vtiger.GenericUtils.BaseClass">
    <ignored/>
  </testcase> <!-- @BeforeSuite connectDB -->
</testsuite> <!-- Test Runner -Firefox -->
