<?xml version="1.0" encoding="UTF-8"?>
<!-- Generated by org.testng.reporters.JUnitXMLReporter -->
<testsuite hostname="DESKTOP-D7VQ7VG" ignored="3" name="Test" tests="5" failures="0" timestamp="18 Oct 2021 17:47:34 GMT" time="0.05" errors="0">
  <testcase name="test1" time="0.006" classname="testscrpt1.sample1test"/>
  <testcase name="createCustomerTest" time="0.0" classname="testscrpt1.DemoTest"/>
  <testcase name="modifyCustomerTest" time="0.0" classname="testscrpt1.DemoTest"/>
  <testcase name="testsample1" time="0.0" classname="testscrpt2.sample2Test"/>
  <testcase name="testsample2" time="0.0" classname="testscrpt2.sample2Test"/>
  <testcase name="test5" time="0.0" classname="testscrpt1.sample3test">
    <ignored/>
  </testcase> <!-- test5 -->
  <testcase name="test2" time="0.0" classname="testscrpt1.sample1test">
    <ignored/>
  </testcase> <!-- test2 -->
  <testcase name="test6" time="0.0" classname="testscrpt1.sample3test">
    <ignored/>
  </testcase> <!-- test6 -->
</testsuite> <!-- Test -->
